<?xml version="1.0" encoding="UTF-8"?>
<!-- Generated by org.testng.reporters.JUnitReportReporter -->
<testsuite skipped="0" hostname="BLT022" name="com.cts.magentotest.LoginTest" tests="5" failures="0" timestamp="04 Mar 2020 05:02:20 GMT" time="142.943" errors="0">
  <testcase name="invalidCredentialTest" time="30.065" classname="com.cts.magentotest.LoginTest"/>
  <testcase name="invalidCredentialTest" time="25.099" classname="com.cts.magentotest.LoginTest"/>
  <testcase name="invalidCredentialTest" time="30.235" classname="com.cts.magentotest.LoginTest"/>
  <testcase name="invalidCredentialTest" time="26.125" classname="com.cts.magentotest.LoginTest"/>
  <testcase name="validCredentialTest" time="31.419" classname="com.cts.magentotest.LoginTest"/>
</testsuite> <!-- com.cts.magentotest.LoginTest -->
